[DEBUG][21/10/26--20:12:24][org.apache.ibatis.logging.LogFactory]Logging initialized using 'class org.apache.ibatis.logging.log4j.Log4jImpl' adapter.
[DEBUG][21/10/26--20:12:24][org.apache.ibatis.datasource.pooled.PooledDataSource]PooledDataSource forcefully closed/removed all connections.
[DEBUG][21/10/26--20:12:24][org.apache.ibatis.datasource.pooled.PooledDataSource]PooledDataSource forcefully closed/removed all connections.
[DEBUG][21/10/26--20:12:24][org.apache.ibatis.datasource.pooled.PooledDataSource]PooledDataSource forcefully closed/removed all connections.
[DEBUG][21/10/26--20:12:24][org.apache.ibatis.datasource.pooled.PooledDataSource]PooledDataSource forcefully closed/removed all connections.
[DEBUG][21/10/26--20:12:24][org.apache.ibatis.transaction.jdbc.JdbcTransaction]Opening JDBC Connection
[DEBUG][21/10/26--20:12:24][org.apache.ibatis.datasource.pooled.PooledDataSource]Created connection 393040818.
[DEBUG][21/10/26--20:12:24][org.apache.ibatis.transaction.jdbc.JdbcTransaction]Setting autocommit to false on JDBC Connection [com.mysql.jdbc.JDBC4Connection@176d53b2]
[DEBUG][21/10/26--20:12:24][com.slayerd.dao.UserMapper.getUsers]==>  Preparing: select * from user ;
[DEBUG][21/10/26--20:12:24][com.slayerd.dao.UserMapper.getUsers]==> Parameters: 
[DEBUG][21/10/26--20:12:24][com.slayerd.dao.UserMapper.getUsers]<==      Total: 5
[DEBUG][21/10/26--20:12:24][org.apache.ibatis.transaction.jdbc.JdbcTransaction]Resetting autocommit to true on JDBC Connection [com.mysql.jdbc.JDBC4Connection@176d53b2]
[DEBUG][21/10/26--20:12:24][org.apache.ibatis.transaction.jdbc.JdbcTransaction]Closing JDBC Connection [com.mysql.jdbc.JDBC4Connection@176d53b2]
[DEBUG][21/10/26--20:12:24][org.apache.ibatis.datasource.pooled.PooledDataSource]Returned connection 393040818 to pool.
[DEBUG][21/10/26--20:36:16][org.apache.ibatis.logging.LogFactory]Logging initialized using 'class org.apache.ibatis.logging.log4j.Log4jImpl' adapter.
[DEBUG][21/10/26--20:36:16][org.apache.ibatis.datasource.pooled.PooledDataSource]PooledDataSource forcefully closed/removed all connections.
[DEBUG][21/10/26--20:36:16][org.apache.ibatis.datasource.pooled.PooledDataSource]PooledDataSource forcefully closed/removed all connections.
[DEBUG][21/10/26--20:36:16][org.apache.ibatis.datasource.pooled.PooledDataSource]PooledDataSource forcefully closed/removed all connections.
[DEBUG][21/10/26--20:36:16][org.apache.ibatis.datasource.pooled.PooledDataSource]PooledDataSource forcefully closed/removed all connections.
[DEBUG][21/10/26--20:36:16][org.apache.ibatis.transaction.jdbc.JdbcTransaction]Opening JDBC Connection
[DEBUG][21/10/26--20:36:16][org.apache.ibatis.datasource.pooled.PooledDataSource]Created connection 1603198149.
[DEBUG][21/10/26--20:36:16][org.apache.ibatis.transaction.jdbc.JdbcTransaction]Setting autocommit to false on JDBC Connection [com.mysql.jdbc.JDBC4Connection@5f8edcc5]
[DEBUG][21/10/26--20:36:16][com.slayerd.dao.UserMapper.getUsers]==>  Preparing: select * from user ;
[DEBUG][21/10/26--20:36:16][com.slayerd.dao.UserMapper.getUsers]==> Parameters: 
[DEBUG][21/10/26--20:36:16][com.slayerd.dao.UserMapper.getUsers]<==      Total: 5
[DEBUG][21/10/26--20:36:16][org.apache.ibatis.transaction.jdbc.JdbcTransaction]Resetting autocommit to true on JDBC Connection [com.mysql.jdbc.JDBC4Connection@5f8edcc5]
[DEBUG][21/10/26--20:36:16][org.apache.ibatis.transaction.jdbc.JdbcTransaction]Closing JDBC Connection [com.mysql.jdbc.JDBC4Connection@5f8edcc5]
[DEBUG][21/10/26--20:36:16][org.apache.ibatis.datasource.pooled.PooledDataSource]Returned connection 1603198149 to pool.
[DEBUG][21/10/26--20:59:56][org.apache.ibatis.logging.LogFactory]Logging initialized using 'class org.apache.ibatis.logging.log4j.Log4jImpl' adapter.
[DEBUG][21/10/26--21:30:47][org.apache.ibatis.logging.LogFactory]Logging initialized using 'class org.apache.ibatis.logging.log4j.Log4jImpl' adapter.
[DEBUG][21/10/26--21:30:47][org.mybatis.spring.SqlSessionUtils]Creating a new SqlSession
[DEBUG][21/10/26--21:30:47][org.mybatis.spring.SqlSessionUtils]SqlSession [org.apache.ibatis.session.defaults.DefaultSqlSession@3bd82cf5] was not registered for synchronization because synchronization is not active
[DEBUG][21/10/26--21:30:48][org.mybatis.spring.transaction.SpringManagedTransaction]JDBC Connection [com.mysql.jdbc.JDBC4Connection@10959ece] will not be managed by Spring
[DEBUG][21/10/26--21:30:48][com.slayerd.dao.UserMapper.getUsers]==>  Preparing: select * from user ;
[DEBUG][21/10/26--21:30:48][com.slayerd.dao.UserMapper.getUsers]==> Parameters: 
[DEBUG][21/10/26--21:30:48][com.slayerd.dao.UserMapper.getUsers]<==      Total: 5
[DEBUG][21/10/26--21:30:48][org.mybatis.spring.SqlSessionUtils]Closing non transactional SqlSession [org.apache.ibatis.session.defaults.DefaultSqlSession@3bd82cf5]
[DEBUG][21/10/26--21:32:30][org.apache.ibatis.logging.LogFactory]Logging initialized using 'class org.apache.ibatis.logging.log4j.Log4jImpl' adapter.
[DEBUG][21/10/26--21:32:46][org.apache.ibatis.logging.LogFactory]Logging initialized using 'class org.apache.ibatis.logging.log4j.Log4jImpl' adapter.
[DEBUG][21/10/26--21:33:04][org.apache.ibatis.logging.LogFactory]Logging initialized using 'class org.apache.ibatis.logging.log4j.Log4jImpl' adapter.
[DEBUG][21/10/26--21:33:04][org.mybatis.spring.SqlSessionUtils]Creating a new SqlSession
[DEBUG][21/10/26--21:33:04][org.mybatis.spring.SqlSessionUtils]SqlSession [org.apache.ibatis.session.defaults.DefaultSqlSession@437da279] was not registered for synchronization because synchronization is not active
[DEBUG][21/10/26--21:33:04][org.mybatis.spring.transaction.SpringManagedTransaction]JDBC Connection [com.mysql.jdbc.JDBC4Connection@3e08ff24] will not be managed by Spring
[DEBUG][21/10/26--21:33:04][com.slayerd.dao.UserMapper.getUsers]==>  Preparing: select * from user ;
[DEBUG][21/10/26--21:33:04][com.slayerd.dao.UserMapper.getUsers]==> Parameters: 
[DEBUG][21/10/26--21:33:04][com.slayerd.dao.UserMapper.getUsers]<==      Total: 5
[DEBUG][21/10/26--21:33:04][org.mybatis.spring.SqlSessionUtils]Closing non transactional SqlSession [org.apache.ibatis.session.defaults.DefaultSqlSession@437da279]
[DEBUG][21/10/26--21:33:16][org.apache.ibatis.logging.LogFactory]Logging initialized using 'class org.apache.ibatis.logging.log4j.Log4jImpl' adapter.
[DEBUG][21/10/26--21:33:16][org.mybatis.spring.SqlSessionUtils]Creating a new SqlSession
[DEBUG][21/10/26--21:33:16][org.mybatis.spring.SqlSessionUtils]SqlSession [org.apache.ibatis.session.defaults.DefaultSqlSession@36916eb0] was not registered for synchronization because synchronization is not active
[DEBUG][21/10/26--21:33:16][org.mybatis.spring.transaction.SpringManagedTransaction]JDBC Connection [com.mysql.jdbc.JDBC4Connection@451001e5] will not be managed by Spring
[DEBUG][21/10/26--21:33:16][com.slayerd.dao.UserMapper.getUsers]==>  Preparing: select * from user ;
[DEBUG][21/10/26--21:33:16][com.slayerd.dao.UserMapper.getUsers]==> Parameters: 
[DEBUG][21/10/26--21:33:16][com.slayerd.dao.UserMapper.getUsers]<==      Total: 5
[DEBUG][21/10/26--21:33:16][org.mybatis.spring.SqlSessionUtils]Closing non transactional SqlSession [org.apache.ibatis.session.defaults.DefaultSqlSession@36916eb0]
[DEBUG][21/10/26--21:40:07][org.apache.ibatis.logging.LogFactory]Logging initialized using 'class org.apache.ibatis.logging.log4j.Log4jImpl' adapter.
[DEBUG][21/10/26--21:40:07][org.mybatis.spring.SqlSessionUtils]Creating a new SqlSession
[DEBUG][21/10/26--21:40:07][org.mybatis.spring.SqlSessionUtils]SqlSession [org.apache.ibatis.session.defaults.DefaultSqlSession@48974e45] was not registered for synchronization because synchronization is not active
[DEBUG][21/10/26--21:40:07][org.mybatis.spring.transaction.SpringManagedTransaction]JDBC Connection [com.mysql.jdbc.JDBC4Connection@65c7a252] will not be managed by Spring
[DEBUG][21/10/26--21:40:07][com.slayerd.dao.UserMapper.getUsers]==>  Preparing: select * from user ;
[DEBUG][21/10/26--21:40:07][com.slayerd.dao.UserMapper.getUsers]==> Parameters: 
[DEBUG][21/10/26--21:40:07][com.slayerd.dao.UserMapper.getUsers]<==      Total: 5
[DEBUG][21/10/26--21:40:07][org.mybatis.spring.SqlSessionUtils]Closing non transactional SqlSession [org.apache.ibatis.session.defaults.DefaultSqlSession@48974e45]
